Loading required package: iterators
Loading required package: parallel
── Attaching core tidyverse packages ──────────────────────── tidyverse 2.0.0 ──
✔ dplyr     1.1.1     ✔ readr     2.1.4
✔ forcats   1.0.0     ✔ stringr   1.5.0
✔ lubridate 1.9.2     ✔ tibble    3.2.1
✔ purrr     1.0.1     ✔ tidyr     1.3.0
── Conflicts ────────────────────────────────────────── tidyverse_conflicts() ──
✖ purrr::accumulate() masks foreach::accumulate()
✖ dplyr::filter()     masks stats::filter()
✖ dplyr::lag()        masks stats::lag()
✖ purrr::when()       masks foreach::when()
ℹ Use the conflicted package (<http://conflicted.r-lib.org/>) to force all conflicts to become errors
Thank you for using fastDummies!
To acknowledge our work, please cite the package:
Kaplan, J. & Schlegel, B. (2023). fastDummies: Fast Creation of Dummy (Binary) Columns and Rows from Categorical Variables. Version 1.7.1. URL: https://github.com/jacobkap/fastDummies, https://jacobkap.github.io/fastDummies/.
Loading required package: nlme

Attaching package: ‘nlme’

The following object is masked from ‘package:dplyr’:

    collapse

This is mgcv 1.9-0. For overview type 'help("mgcv-package")'.
randomForest 4.7-1.1
Type rfNews() to see new features/changes/bug fixes.

Attaching package: ‘randomForest’

The following object is masked from ‘package:dplyr’:

    combine

The following object is masked from ‘package:ggplot2’:

    margin

[1] "Imported!"
[1] "Imported!"
[1] "Imported!"
[1] "Imported!"
[1] "number of rows considered: 40000"
[1] "2024-08-04 21:17:04 EDT"
[1] 1
[1] 2
[1] 3
[1] 4
      theta        age       B0       cwd
4 0.9583386 0.00567139 29.58553 0.0227953
    theta        age       B0        cwd
4 1.22637 0.01493894 31.06142 0.04752988
      theta         age       B0        cwd
4 0.9815694 0.004876995 29.83349 0.02374316
[1] "R-squared: 0.0387516236685592"
      theta         age       B0        cwd
4 0.9074436 0.003326405 31.67125 0.01549683
[1] "R-squared: 0.0638087048518884"
[1] "R-squared: 0.0150815619247611"
[1] "R-squared: 0.0109370082207231"
     theta        age       B0       cwd
4 1.225593 0.01472423 31.36258 0.0470582
      theta         age       B0        cwd
4 0.9618748 0.004906223 33.89439 0.02058911
[1] "R-squared: 0.0685789632982626"
      theta         age       B0       cwd
4 0.9803047 0.004940832 30.02652 0.0234628
[1] "R-squared: 0.0463100074896406"
[1] "R-squared: 0.0162285386097024"
     theta         age       B0        cwd
4 0.930051 0.003661047 31.81854 0.01714754
[1] "R-squared: 0.0100668095809511"
     theta        age       B0        cwd
4 1.221462 0.01419966 31.45851 0.04649286
[1] "R-squared: 0.0649583574594521"
      theta         age       B0        cwd
4 0.9613268 0.005687026 29.58681 0.02308796
      theta         age       B0        cwd
4 0.9814567 0.004729232 30.38931 0.02349853
[1] "R-squared: 0.0433435985989157"
[1] "R-squared: 0.0170934093464303"
      theta         age       B0        cwd
4 0.8910619 0.003048293 31.31764 0.01448454
[1] "R-squared: 0.0146103528822662"
      theta        age       B0        cwd
4 0.9667709 0.00620006 27.65706 0.02508432
     theta        age       B0        cwd
4 1.221808 0.01471705 31.36191 0.04643054
[1] "R-squared: 0.0396269275347458"
[1] "R-squared: 0.0601420655401896"
      theta         age       B0        cwd
4 0.9698949 0.004417093 31.26599 0.02175819
[1] "R-squared: 0.0136835201593197"
      theta        age       B0        cwd
4 0.8669144 0.00440533 20.54754 0.01925418
[1] "R-squared: 0.00951043345358031"
      theta         age       B0        cwd
4 0.9740502 0.005537361 31.74967 0.02293238
[1] "R-squared: 0.0379744033751803"
[1] "Time so far:  0.280943659941355  minutes"
  biome data_name data_pars model_type        rsq     rsq_sd basic_pars
4  amaz       5yr       cwd      optim 0.04120131 0.00352068     age_B0
  mature_biomass         age k0 B0_exp       B0     theta        cwd mean_prec
4             NA 0.005537361 NA     NA 31.74967 0.9740502 0.02293238        NA
  mean_si fallow indig lulc_sum_15 lulc_sum_20 lulc_sum_21 lulc_sum_35
4      NA     NA    NA          NA          NA          NA          NA
  lulc_sum_39 lulc_sum_40 lulc_sum_41 lulc_sum_46 lulc_sum_47 lulc_sum_48
4          NA          NA          NA          NA          NA          NA
  lulc_sum_9 mature_forest_years num_fires_after_regrowth
4         NA                  NA                       NA
  num_fires_before_regrowth protec sur_cover ts_fire_after_regrowth
4                        NA     NA        NA                     NA
  ts_fire_before_regrowth last_LU_9 last_LU_15 last_LU_20 last_LU_21 last_LU_35
4                      NA        NA         NA         NA         NA         NA
  last_LU_39 last_LU_40 last_LU_41 last_LU_46 last_LU_47 last_LU_48 ecoreg_439
4         NA         NA         NA         NA         NA         NA         NA
  ecoreg_440 ecoreg_441 ecoreg_442 ecoreg_443 ecoreg_445 ecoreg_465 ecoreg_467
4         NA         NA         NA         NA         NA         NA         NA
  ecoreg_473 ecoreg_474 ecoreg_476 ecoreg_480 ecoreg_481 ecoreg_482 ecoreg_485
4         NA         NA         NA         NA         NA         NA         NA
  ecoreg_491 ecoreg_492 ecoreg_496 ecoreg_497 ecoreg_500 ecoreg_505 ecoreg_507
4         NA         NA         NA         NA         NA         NA         NA
  ecoreg_508 ecoreg_511 ecoreg_518 ecoreg_524 ecoreg_525 ecoreg_529 ecoreg_540
4         NA         NA         NA         NA         NA         NA         NA
  ecoreg_566 ecoreg_567 ecoreg_570 ecoreg_574 ecoreg_584 ecoreg_611 ecoreg_616
4         NA         NA         NA         NA         NA         NA         NA
  soil_2 soil_3 soil_5 soil_6 soil_7 soil_8 soil_9 soil_10 soil_11 soil_12
4     NA     NA     NA     NA     NA     NA     NA      NA      NA      NA
  soil_13 soil_14 soil_15 soil_16 soil_17 soil_18 soil_19 soil_21 soil_22
4      NA      NA      NA      NA      NA      NA      NA      NA      NA
  soil_23 soil_24 soil_25 soil_26 soil_28 soil_29 soil_30 soil_31 soil_32
4      NA      NA      NA      NA      NA      NA      NA      NA      NA
  soil_33 soil_34 prec si
4      NA      NA   NA NA
[1] 5
     theta        age       B0        cwd
4 1.209715 0.01485509 29.57881 0.04702091
[1] "R-squared: 0.0784118879139336"
[1] "Time so far:  0.285437774658203  minutes"
  biome data_name data_pars model_type     rsq      rsq_sd basic_pars
4  amaz       all       cwd      optim 0.06718 0.006963229     age_B0
  mature_biomass        age k0 B0_exp       B0    theta        cwd mean_prec
4             NA 0.01485509 NA     NA 29.57881 1.209715 0.04702091        NA
  mean_si fallow indig lulc_sum_15 lulc_sum_20 lulc_sum_21 lulc_sum_35
4      NA     NA    NA          NA          NA          NA          NA
  lulc_sum_39 lulc_sum_40 lulc_sum_41 lulc_sum_46 lulc_sum_47 lulc_sum_48
4          NA          NA          NA          NA          NA          NA
  lulc_sum_9 mature_forest_years num_fires_after_regrowth
4         NA                  NA                       NA
  num_fires_before_regrowth protec sur_cover ts_fire_after_regrowth
4                        NA     NA        NA                     NA
  ts_fire_before_regrowth last_LU_9 last_LU_15 last_LU_20 last_LU_21 last_LU_35
4                      NA        NA         NA         NA         NA         NA
  last_LU_39 last_LU_40 last_LU_41 last_LU_46 last_LU_47 last_LU_48 ecoreg_439
4         NA         NA         NA         NA         NA         NA         NA
  ecoreg_440 ecoreg_441 ecoreg_442 ecoreg_443 ecoreg_445 ecoreg_465 ecoreg_467
4         NA         NA         NA         NA         NA         NA         NA
  ecoreg_473 ecoreg_474 ecoreg_476 ecoreg_480 ecoreg_481 ecoreg_482 ecoreg_485
4         NA         NA         NA         NA         NA         NA         NA
  ecoreg_491 ecoreg_492 ecoreg_496 ecoreg_497 ecoreg_500 ecoreg_505 ecoreg_507
4         NA         NA         NA         NA         NA         NA         NA
  ecoreg_508 ecoreg_511 ecoreg_518 ecoreg_524 ecoreg_525 ecoreg_529 ecoreg_540
4         NA         NA         NA         NA         NA         NA         NA
  ecoreg_566 ecoreg_567 ecoreg_570 ecoreg_574 ecoreg_584 ecoreg_611 ecoreg_616
4         NA         NA         NA         NA         NA         NA         NA
  soil_2 soil_3 soil_5 soil_6 soil_7 soil_8 soil_9 soil_10 soil_11 soil_12
4     NA     NA     NA     NA     NA     NA     NA      NA      NA      NA
  soil_13 soil_14 soil_15 soil_16 soil_17 soil_18 soil_19 soil_21 soil_22
4      NA      NA      NA      NA      NA      NA      NA      NA      NA
  soil_23 soil_24 soil_25 soil_26 soil_28 soil_29 soil_30 soil_31 soil_32
4      NA      NA      NA      NA      NA      NA      NA      NA      NA
  soil_33 soil_34 prec si
4      NA      NA   NA NA
[1] 8
      theta         age       B0        cwd
4 0.9743976 0.004548471 30.15608 0.02297735
[1] "R-squared: 0.0182965959419759"
[1] "Time so far:  0.297732881704966  minutes"
  biome data_name data_pars model_type        rsq      rsq_sd basic_pars
4  amaz      10yr       cwd      optim 0.01607673 0.001782014     age_B0
  mature_biomass         age k0 B0_exp       B0     theta        cwd mean_prec
4             NA 0.004548471 NA     NA 30.15608 0.9743976 0.02297735        NA
  mean_si fallow indig lulc_sum_15 lulc_sum_20 lulc_sum_21 lulc_sum_35
4      NA     NA    NA          NA          NA          NA          NA
  lulc_sum_39 lulc_sum_40 lulc_sum_41 lulc_sum_46 lulc_sum_47 lulc_sum_48
4          NA          NA          NA          NA          NA          NA
  lulc_sum_9 mature_forest_years num_fires_after_regrowth
4         NA                  NA                       NA
  num_fires_before_regrowth protec sur_cover ts_fire_after_regrowth
4                        NA     NA        NA                     NA
  ts_fire_before_regrowth last_LU_9 last_LU_15 last_LU_20 last_LU_21 last_LU_35
4                      NA        NA         NA         NA         NA         NA
  last_LU_39 last_LU_40 last_LU_41 last_LU_46 last_LU_47 last_LU_48 ecoreg_439
4         NA         NA         NA         NA         NA         NA         NA
  ecoreg_440 ecoreg_441 ecoreg_442 ecoreg_443 ecoreg_445 ecoreg_465 ecoreg_467
4         NA         NA         NA         NA         NA         NA         NA
  ecoreg_473 ecoreg_474 ecoreg_476 ecoreg_480 ecoreg_481 ecoreg_482 ecoreg_485
4         NA         NA         NA         NA         NA         NA         NA
  ecoreg_491 ecoreg_492 ecoreg_496 ecoreg_497 ecoreg_500 ecoreg_505 ecoreg_507
4         NA         NA         NA         NA         NA         NA         NA
  ecoreg_508 ecoreg_511 ecoreg_518 ecoreg_524 ecoreg_525 ecoreg_529 ecoreg_540
4         NA         NA         NA         NA         NA         NA         NA
  ecoreg_566 ecoreg_567 ecoreg_570 ecoreg_574 ecoreg_584 ecoreg_611 ecoreg_616
4         NA         NA         NA         NA         NA         NA         NA
  soil_2 soil_3 soil_5 soil_6 soil_7 soil_8 soil_9 soil_10 soil_11 soil_12
4     NA     NA     NA     NA     NA     NA     NA      NA      NA      NA
  soil_13 soil_14 soil_15 soil_16 soil_17 soil_18 soil_19 soil_21 soil_22
4      NA      NA      NA      NA      NA      NA      NA      NA      NA
  soil_23 soil_24 soil_25 soil_26 soil_28 soil_29 soil_30 soil_31 soil_32
4      NA      NA      NA      NA      NA      NA      NA      NA      NA
  soil_33 soil_34 prec si
4      NA      NA   NA NA
[1] 6
      theta         age       B0        cwd
4 0.8769239 0.003028374 30.72091 0.01374017
[1] "R-squared: 0.0067700434136342"
[1] "Time so far:  0.308432296911875  minutes"
  biome data_name data_pars model_type        rsq      rsq_sd basic_pars
4  amaz      15yr       cwd      optim 0.01037893 0.002832497     age_B0
  mature_biomass         age k0 B0_exp       B0     theta        cwd mean_prec
4             NA 0.003028374 NA     NA 30.72091 0.8769239 0.01374017        NA
  mean_si fallow indig lulc_sum_15 lulc_sum_20 lulc_sum_21 lulc_sum_35
4      NA     NA    NA          NA          NA          NA          NA
  lulc_sum_39 lulc_sum_40 lulc_sum_41 lulc_sum_46 lulc_sum_47 lulc_sum_48
4          NA          NA          NA          NA          NA          NA
  lulc_sum_9 mature_forest_years num_fires_after_regrowth
4         NA                  NA                       NA
  num_fires_before_regrowth protec sur_cover ts_fire_after_regrowth
4                        NA     NA        NA                     NA
  ts_fire_before_regrowth last_LU_9 last_LU_15 last_LU_20 last_LU_21 last_LU_35
4                      NA        NA         NA         NA         NA         NA
  last_LU_39 last_LU_40 last_LU_41 last_LU_46 last_LU_47 last_LU_48 ecoreg_439
4         NA         NA         NA         NA         NA         NA         NA
  ecoreg_440 ecoreg_441 ecoreg_442 ecoreg_443 ecoreg_445 ecoreg_465 ecoreg_467
4         NA         NA         NA         NA         NA         NA         NA
  ecoreg_473 ecoreg_474 ecoreg_476 ecoreg_480 ecoreg_481 ecoreg_482 ecoreg_485
4         NA         NA         NA         NA         NA         NA         NA
  ecoreg_491 ecoreg_492 ecoreg_496 ecoreg_497 ecoreg_500 ecoreg_505 ecoreg_507
4         NA         NA         NA         NA         NA         NA         NA
  ecoreg_508 ecoreg_511 ecoreg_518 ecoreg_524 ecoreg_525 ecoreg_529 ecoreg_540
4         NA         NA         NA         NA         NA         NA         NA
  ecoreg_566 ecoreg_567 ecoreg_570 ecoreg_574 ecoreg_584 ecoreg_611 ecoreg_616
4         NA         NA         NA         NA         NA         NA         NA
  soil_2 soil_3 soil_5 soil_6 soil_7 soil_8 soil_9 soil_10 soil_11 soil_12
4     NA     NA     NA     NA     NA     NA     NA      NA      NA      NA
  soil_13 soil_14 soil_15 soil_16 soil_17 soil_18 soil_19 soil_21 soil_22
4      NA      NA      NA      NA      NA      NA      NA      NA      NA
  soil_23 soil_24 soil_25 soil_26 soil_28 soil_29 soil_30 soil_31 soil_32
4      NA      NA      NA      NA      NA      NA      NA      NA      NA
  soil_33 soil_34 prec si
4      NA      NA   NA NA
[1] 7
      theta         age       B0       cwd
4 0.9630791 0.005840031 28.70159 0.0239822
     theta        age       B0        cwd
4 1.219258 0.01418481 31.46137 0.04622601
      theta        age      B0       cwd
4 0.9760264 0.00457045 30.9177 0.0225582
      theta         age       B0         cwd
4 0.6793231 0.001555441 20.85397 0.005989504
     theta        age       B0      cwd   mean_si
2 2.194634 0.05108584 18.49909 0.235402 0.1067964
      theta        age      B0        cwd   mean_prec
1 0.9734942 0.01635253 14.6751 0.05051835 -0.01685166
      theta         age       B0        cwd      mean_si
2 0.7126421 0.004450971 12.10047 0.01799562 -0.002595134
      theta         age       B0        cwd   mean_prec
1 0.8521435 0.004900382 18.29586 0.02772845 -0.01139418
      theta         age       B0        cwd    mean_prec      mean_si
1 0.5121725 0.005305826 5.284259 0.02023882 -0.002841939 -0.007006957
      theta        age       B0        cwd   mean_prec      mean_si
1 0.9221831 0.01647623 12.38528 0.05216208 -0.01725949 -0.003014231
[1] "R-squared: 0.0177194484947615"
[1] "R-squared: 0.0724245047444289"
     theta        age       B0       cwd   mean_prec   mean_si
1 1.896119 0.04194815 13.42262 0.2608246 -0.05437811 0.0841721
[1] "R-squared: 0.0618982307764048"
      theta        age       B0        cwd   mean_prec     mean_si
1 0.8735391 0.00842581 10.32943 0.04938812 -0.01112083 0.001695245
[1] "R-squared: 0.0124835353736833"
     theta        age       B0        cwd
4 1.234066 0.01487768 31.38604 0.04812254
      theta         age       B0        cwd
4 0.9797349 0.004721515 30.27512 0.02338893
      theta         age     B0        cwd
4 0.9674323 0.006083612 27.586 0.02528559
      theta        age       B0        cwd
4 0.9182272 0.00351599 31.63979 0.01629441
      theta        age       B0        cwd   mean_prec
1 0.9565855 0.01194686 18.58053 0.03756673 -0.01174039
      theta         age      B0        cwd    mean_prec
1 0.7976634 0.006440385 14.2638 0.02907178 -0.009251676
      theta        age       B0        cwd    mean_prec
1 0.8480546 0.00911537 9.976144 0.04819774 -0.009972835
      theta         age       B0         cwd   mean_prec
1 0.7290018 0.002105056 22.75476 0.009914884 -0.00351845
      theta        age       B0       cwd  mean_prec      mean_si
1 0.8640955 0.01251241 14.04674 0.0368589 -0.0128192 -0.003340749
[1] "R-squared: 0.0711721111080556"
      theta         age       B0       cwd    mean_prec      mean_si
1 0.7528888 0.007245543 11.20289 0.0303416 -0.007080583 -0.001822346
     theta        age       B0        cwd   mean_prec      mean_si
1 0.795279 0.01169804 7.814371 0.05522662 -0.01427433 -0.003103566
[1] "R-squared: 0.0389579776818836"
[1] "R-squared: 0.0215391484422278"
      theta         age       B0         cwd    mean_prec      mean_si
1 0.5799719 0.001870504 11.86191 0.008925021 -0.003499742 -0.001442544
[1] "R-squared: 0.0121411258695457"
     theta        age       B0        cwd
4 1.216621 0.01447033 31.35085 0.04589548
      theta         age       B0        cwd
4 0.9573755 0.005331401 31.92715 0.02114861
      theta         age      B0        cwd
4 0.9787602 0.004820416 30.2136 0.02319076
      theta         age       B0        cwd
4 0.9198053 0.003513247 31.60453 0.01645763
     theta        age      B0        cwd  mean_prec
1 1.071813 0.01609706 16.6935 0.06816644 -0.0275259
     theta         age       B0       cwd    mean_prec
1 0.805976 0.005254939 17.56055 0.0224819 -0.005289913
      theta        age       B0        cwd   mean_prec
1 0.9967053 0.01043126 13.91281 0.06193634 -0.01725863
      theta        age       B0        cwd    mean_prec
1 0.7139326 0.00206823 17.76591 0.01324118 -0.005398176
      theta        age       B0        cwd   mean_prec      mean_si
1 0.9800645 0.02356809 10.35022 0.07544473 -0.02575232 -0.001831448
[1] "R-squared: 0.0689460094920147"
      theta         age       B0        cwd    mean_prec      mean_si
1 0.7450866 0.005218099 14.20677 0.02175666 -0.005468569 -0.001415332
[1] "R-squared: 0.0404448271553261"
      theta        age       B0        cwd   mean_prec     mean_si
1 0.9235733 0.01621167 7.726735 0.08142814 -0.01631512 0.003271045
[1] "R-squared: 0.0160133929871177"
      theta         age       B0       cwd    mean_prec      mean_si
1 0.5861089 0.003919241 7.167094 0.0215041 -0.008264671 -0.002781037
[1] "R-squared: 0.0110185788655375"
     theta        age       B0        cwd
4 1.223143 0.01481039 30.98385 0.04718281
      theta         age       B0        cwd
4 0.9829131 0.004751001 30.03322 0.02384893
      theta         age       B0        cwd
4 0.9700636 0.006007113 28.72069 0.02463903
      theta         age       B0        cwd
4 0.8962427 0.003139844 31.39419 0.01480971
      theta         age       B0        cwd   mean_prec
1 0.7627699 0.003567438 15.78059 0.01978131 -0.00558025
      theta        age       B0        cwd   mean_prec
1 0.9336073 0.01530566 14.21775 0.04399963 -0.01309332
      theta         age      B0        cwd    mean_prec      mean_si
1 0.6623027 0.004032168 10.3754 0.01981466 -0.004913432 -0.002880277
[1] "R-squared: 0.0140929126754565"
      theta         age       B0        cwd    mean_prec
1 0.6614295 0.003240009 10.96005 0.01706153 -0.006198517
      theta        age       B0       cwd    mean_prec
1 0.8596253 0.01076808 10.76022 0.0446978 -0.002893111
      theta        age       B0        cwd   mean_prec      mean_si
1 0.8902395 0.01486217 12.78208 0.04518099 -0.01517565 -0.003931824
[1] "R-squared: 0.0726617581777535"
      theta         age       B0        cwd
4 0.9768156 0.004800228 30.01496 0.02318393
      theta         age       B0        cwd   mean_prec      mean_si
1 0.5936691 0.005769404 6.499236 0.02529124 -0.00800833 -0.004341844
[1] "R-squared: 0.0198137559221335"
      theta        age       B0        cwd   mean_prec     mean_si
1 0.9375836 0.01484914 9.161845 0.08266768 -0.02194245 0.000110184
[1] "R-squared: 0.0474717295033884"
