Loading required package: iterators
Loading required package: parallel
── Attaching core tidyverse packages ──────────────────────── tidyverse 2.0.0 ──
✔ dplyr     1.1.1     ✔ readr     2.1.4
✔ forcats   1.0.0     ✔ stringr   1.5.0
✔ lubridate 1.9.2     ✔ tibble    3.2.1
✔ purrr     1.0.1     ✔ tidyr     1.3.0
── Conflicts ────────────────────────────────────────── tidyverse_conflicts() ──
✖ purrr::accumulate() masks foreach::accumulate()
✖ dplyr::filter()     masks stats::filter()
✖ dplyr::lag()        masks stats::lag()
✖ purrr::when()       masks foreach::when()
ℹ Use the conflicted package (<http://conflicted.r-lib.org/>) to force all conflicts to become errors
Thank you for using fastDummies!
To acknowledge our work, please cite the package:
Kaplan, J. & Schlegel, B. (2023). fastDummies: Fast Creation of Dummy (Binary) Columns and Rows from Categorical Variables. Version 1.7.1. URL: https://github.com/jacobkap/fastDummies, https://jacobkap.github.io/fastDummies/.
Loading required package: nlme

Attaching package: ‘nlme’

The following object is masked from ‘package:dplyr’:

    collapse

This is mgcv 1.9-0. For overview type 'help("mgcv-package")'.
randomForest 4.7-1.1
Type rfNews() to see new features/changes/bug fixes.

Attaching package: ‘randomForest’

The following object is masked from ‘package:dplyr’:

    combine

The following object is masked from ‘package:ggplot2’:

    margin

[1] "Imported!"
[1] "Imported!"
[1] "Imported!"
[1] "Imported!"
[1] "2024-08-04 21:14:24 EDT"
[1] 1
[1] 2
[1] 3
[1] 4
      theta        age       B0       cwd
4 0.9856253 0.01731744 5.212431 0.1273649
      theta         age       B0        cwd
4 0.8621966 0.003103351 19.03983 0.02235626
      theta         age       B0       cwd
4 0.9578533 0.001821921 47.16465 0.0132438
[1] "R-squared: 0.0670373489183405"
[1] "R-squared: 0.0756577694728474"
     theta        age       B0        cwd
4 1.309568 0.01010289 30.66028 0.05777858
[1] "R-squared: 0.037366922544579"
[1] "R-squared: 0.12262826550295"
      theta         age       B0        cwd
4 0.8844122 0.002435157 27.48134 0.01710848
     theta        age       B0     cwd
4 1.005783 0.02012787 4.631566 0.15138
[1] "R-squared: 0.0750684181133458"
[1] "R-squared: 0.0582874681111189"
      theta         age       B0       cwd
4 0.9684548 0.001911546 47.76984 0.0137769
[1] "R-squared: 0.0363911045860643"
     theta        age       B0      cwd
4 1.269236 0.01774582 16.40732 0.080625
[1] "R-squared: 0.128702684819439"
     theta       age      B0       cwd
4 1.037895 0.0283927 3.31438 0.2308319
[1] "R-squared: 0.0652657889641636"
      theta         age      B0        cwd
4 0.8945223 0.001588441 45.4953 0.01118953
[1] "R-squared: 0.0620340347246329"
      theta         age       B0        cwd
4 0.8997557 0.001783305 33.84911 0.01344972
[1] "R-squared: 0.037838920526305"
     theta         age       B0        cwd
4 1.312178 0.009690468 32.26509 0.05620053
[1] "R-squared: 0.118343951025687"
     theta        age       B0       cwd
4 1.002362 0.02049448 4.596737 0.1510581
[1] "R-squared: 0.0664455146114317"
      theta         age       B0        cwd
4 0.8147088 0.003443241 13.89992 0.02578021
      theta         age       B0        cwd
4 0.8214975 0.001281585 25.03044 0.01223876
[1] "R-squared: 0.0738477443493397"
[1] "R-squared: 0.036485897296816"
   theta        age       B0        cwd
4 1.3157 0.01027736 30.67306 0.05851162
[1] "R-squared: 0.116850841864479"
     theta        age      B0       cwd
4 1.002221 0.02000178 4.62403 0.1504893
[1] "R-squared: 0.0610781394147977"
[1] "Time so far:  0.617897860209147  minutes"
  data_name data_pars model_type        rsq      rsq_sd basic_pars
4      10yr       cwd      optim 0.06362285 0.003783759     age_B0
  mature_biomass        age k0 B0_exp      B0    theta       cwd mean_prec
4             NA 0.02000178 NA     NA 4.62403 1.002221 0.1504893        NA
  mean_si fallow indig lulc_sum_15 lulc_sum_20 lulc_sum_21 lulc_sum_35
4      NA     NA    NA          NA          NA          NA          NA
  lulc_sum_39 lulc_sum_40 lulc_sum_41 lulc_sum_46 lulc_sum_47 lulc_sum_48
4          NA          NA          NA          NA          NA          NA
  lulc_sum_9 mature_forest_years num_fires_after_regrowth
4         NA                  NA                       NA
  num_fires_before_regrowth protec sur_cover ts_fire_after_regrowth
4                        NA     NA        NA                     NA
  ts_fire_before_regrowth last_LU_9 last_LU_15 last_LU_20 last_LU_21 last_LU_35
4                      NA        NA         NA         NA         NA         NA
  last_LU_39 last_LU_40 last_LU_41 last_LU_46 last_LU_47 last_LU_48 ecoreg_439
4         NA         NA         NA         NA         NA         NA         NA
  ecoreg_440 ecoreg_441 ecoreg_442 ecoreg_443 ecoreg_445 ecoreg_465 ecoreg_467
4         NA         NA         NA         NA         NA         NA         NA
  ecoreg_473 ecoreg_474 ecoreg_476 ecoreg_480 ecoreg_481 ecoreg_482 ecoreg_485
4         NA         NA         NA         NA         NA         NA         NA
  ecoreg_491 ecoreg_492 ecoreg_496 ecoreg_497 ecoreg_500 ecoreg_505 ecoreg_507
4         NA         NA         NA         NA         NA         NA         NA
  ecoreg_508 ecoreg_511 ecoreg_518 ecoreg_524 ecoreg_525 ecoreg_529 ecoreg_540
4         NA         NA         NA         NA         NA         NA         NA
  ecoreg_566 ecoreg_567 ecoreg_570 ecoreg_574 ecoreg_584 ecoreg_611 ecoreg_616
4         NA         NA         NA         NA         NA         NA         NA
  soil_2 soil_3 soil_5 soil_6 soil_7 soil_8 soil_9 soil_10 soil_11 soil_12
4     NA     NA     NA     NA     NA     NA     NA      NA      NA      NA
  soil_13 soil_14 soil_15 soil_16 soil_17 soil_18 soil_19 soil_21 soil_22
4      NA      NA      NA      NA      NA      NA      NA      NA      NA
  soil_23 soil_24 soil_25 soil_26 soil_28 soil_29 soil_30 soil_31 soil_32
4      NA      NA      NA      NA      NA      NA      NA      NA      NA
  soil_33 soil_34 prec si
4      NA      NA   NA NA
[1] 6
      theta        age      B0       cwd
4 0.8847654 0.00248531 26.9513 0.0174843
[1] "R-squared: 0.0796211252932663"
[1] "Time so far:  0.654432435830434  minutes"
  data_name data_pars model_type        rsq      rsq_sd basic_pars
4       5yr       cwd      optim 0.07324582 0.006630428     age_B0
  mature_biomass        age k0 B0_exp      B0     theta       cwd mean_prec
4             NA 0.00248531 NA     NA 26.9513 0.8847654 0.0174843        NA
  mean_si fallow indig lulc_sum_15 lulc_sum_20 lulc_sum_21 lulc_sum_35
4      NA     NA    NA          NA          NA          NA          NA
  lulc_sum_39 lulc_sum_40 lulc_sum_41 lulc_sum_46 lulc_sum_47 lulc_sum_48
4          NA          NA          NA          NA          NA          NA
  lulc_sum_9 mature_forest_years num_fires_after_regrowth
4         NA                  NA                       NA
  num_fires_before_regrowth protec sur_cover ts_fire_after_regrowth
4                        NA     NA        NA                     NA
  ts_fire_before_regrowth last_LU_9 last_LU_15 last_LU_20 last_LU_21 last_LU_35
4                      NA        NA         NA         NA         NA         NA
  last_LU_39 last_LU_40 last_LU_41 last_LU_46 last_LU_47 last_LU_48 ecoreg_439
4         NA         NA         NA         NA         NA         NA         NA
  ecoreg_440 ecoreg_441 ecoreg_442 ecoreg_443 ecoreg_445 ecoreg_465 ecoreg_467
4         NA         NA         NA         NA         NA         NA         NA
  ecoreg_473 ecoreg_474 ecoreg_476 ecoreg_480 ecoreg_481 ecoreg_482 ecoreg_485
4         NA         NA         NA         NA         NA         NA         NA
  ecoreg_491 ecoreg_492 ecoreg_496 ecoreg_497 ecoreg_500 ecoreg_505 ecoreg_507
4         NA         NA         NA         NA         NA         NA         NA
  ecoreg_508 ecoreg_511 ecoreg_518 ecoreg_524 ecoreg_525 ecoreg_529 ecoreg_540
4         NA         NA         NA         NA         NA         NA         NA
  ecoreg_566 ecoreg_567 ecoreg_570 ecoreg_574 ecoreg_584 ecoreg_611 ecoreg_616
4         NA         NA         NA         NA         NA         NA         NA
  soil_2 soil_3 soil_5 soil_6 soil_7 soil_8 soil_9 soil_10 soil_11 soil_12
4     NA     NA     NA     NA     NA     NA     NA      NA      NA      NA
  soil_13 soil_14 soil_15 soil_16 soil_17 soil_18 soil_19 soil_21 soil_22
4      NA      NA      NA      NA      NA      NA      NA      NA      NA
  soil_23 soil_24 soil_25 soil_26 soil_28 soil_29 soil_30 soil_31 soil_32
4      NA      NA      NA      NA      NA      NA      NA      NA      NA
  soil_33 soil_34 prec si
4      NA      NA   NA NA
[1] 5
      theta         age       B0        cwd
4 0.8426748 0.001967224 20.51978 0.01685202
[1] "R-squared: 0.0441835331285356"
[1] "Time so far:  0.67044970591863  minutes"
  data_name data_pars model_type        rsq      rsq_sd basic_pars
4      15yr       cwd      optim 0.03845328 0.003260237     age_B0
  mature_biomass         age k0 B0_exp       B0     theta        cwd mean_prec
4             NA 0.001967224 NA     NA 20.51978 0.8426748 0.01685202        NA
  mean_si fallow indig lulc_sum_15 lulc_sum_20 lulc_sum_21 lulc_sum_35
4      NA     NA    NA          NA          NA          NA          NA
  lulc_sum_39 lulc_sum_40 lulc_sum_41 lulc_sum_46 lulc_sum_47 lulc_sum_48
4          NA          NA          NA          NA          NA          NA
  lulc_sum_9 mature_forest_years num_fires_after_regrowth
4         NA                  NA                       NA
  num_fires_before_regrowth protec sur_cover ts_fire_after_regrowth
4                        NA     NA        NA                     NA
  ts_fire_before_regrowth last_LU_9 last_LU_15 last_LU_20 last_LU_21 last_LU_35
4                      NA        NA         NA         NA         NA         NA
  last_LU_39 last_LU_40 last_LU_41 last_LU_46 last_LU_47 last_LU_48 ecoreg_439
4         NA         NA         NA         NA         NA         NA         NA
  ecoreg_440 ecoreg_441 ecoreg_442 ecoreg_443 ecoreg_445 ecoreg_465 ecoreg_467
4         NA         NA         NA         NA         NA         NA         NA
  ecoreg_473 ecoreg_474 ecoreg_476 ecoreg_480 ecoreg_481 ecoreg_482 ecoreg_485
4         NA         NA         NA         NA         NA         NA         NA
  ecoreg_491 ecoreg_492 ecoreg_496 ecoreg_497 ecoreg_500 ecoreg_505 ecoreg_507
4         NA         NA         NA         NA         NA         NA         NA
  ecoreg_508 ecoreg_511 ecoreg_518 ecoreg_524 ecoreg_525 ecoreg_529 ecoreg_540
4         NA         NA         NA         NA         NA         NA         NA
  ecoreg_566 ecoreg_567 ecoreg_570 ecoreg_574 ecoreg_584 ecoreg_611 ecoreg_616
4         NA         NA         NA         NA         NA         NA         NA
  soil_2 soil_3 soil_5 soil_6 soil_7 soil_8 soil_9 soil_10 soil_11 soil_12
4     NA     NA     NA     NA     NA     NA     NA      NA      NA      NA
  soil_13 soil_14 soil_15 soil_16 soil_17 soil_18 soil_19 soil_21 soil_22
4      NA      NA      NA      NA      NA      NA      NA      NA      NA
  soil_23 soil_24 soil_25 soil_26 soil_28 soil_29 soil_30 soil_31 soil_32
4      NA      NA      NA      NA      NA      NA      NA      NA      NA
  soil_33 soil_34 prec si
4      NA      NA   NA NA
[1] 7
     theta         age       B0        cwd
4 1.300955 0.009920678 30.62498 0.05656426
[1] "R-squared: 0.117266783252297"
[1] "Time so far:  0.684224259853363  minutes"
  data_name data_pars model_type       rsq     rsq_sd basic_pars mature_biomass
4       all       cwd      optim 0.1207585 0.00499745     age_B0             NA
          age k0 B0_exp       B0    theta        cwd mean_prec mean_si fallow
4 0.009920678 NA     NA 30.62498 1.300955 0.05656426        NA      NA     NA
  indig lulc_sum_15 lulc_sum_20 lulc_sum_21 lulc_sum_35 lulc_sum_39 lulc_sum_40
4    NA          NA          NA          NA          NA          NA          NA
  lulc_sum_41 lulc_sum_46 lulc_sum_47 lulc_sum_48 lulc_sum_9
4          NA          NA          NA          NA         NA
  mature_forest_years num_fires_after_regrowth num_fires_before_regrowth protec
4                  NA                       NA                        NA     NA
  sur_cover ts_fire_after_regrowth ts_fire_before_regrowth last_LU_9 last_LU_15
4        NA                     NA                      NA        NA         NA
  last_LU_20 last_LU_21 last_LU_35 last_LU_39 last_LU_40 last_LU_41 last_LU_46
4         NA         NA         NA         NA         NA         NA         NA
  last_LU_47 last_LU_48 ecoreg_439 ecoreg_440 ecoreg_441 ecoreg_442 ecoreg_443
4         NA         NA         NA         NA         NA         NA         NA
  ecoreg_445 ecoreg_465 ecoreg_467 ecoreg_473 ecoreg_474 ecoreg_476 ecoreg_480
4         NA         NA         NA         NA         NA         NA         NA
  ecoreg_481 ecoreg_482 ecoreg_485 ecoreg_491 ecoreg_492 ecoreg_496 ecoreg_497
4         NA         NA         NA         NA         NA         NA         NA
  ecoreg_500 ecoreg_505 ecoreg_507 ecoreg_508 ecoreg_511 ecoreg_518 ecoreg_524
4         NA         NA         NA         NA         NA         NA         NA
  ecoreg_525 ecoreg_529 ecoreg_540 ecoreg_566 ecoreg_567 ecoreg_570 ecoreg_574
4         NA         NA         NA         NA         NA         NA         NA
  ecoreg_584 ecoreg_611 ecoreg_616 soil_2 soil_3 soil_5 soil_6 soil_7 soil_8
4         NA         NA         NA     NA     NA     NA     NA     NA     NA
  soil_9 soil_10 soil_11 soil_12 soil_13 soil_14 soil_15 soil_16 soil_17
4     NA      NA      NA      NA      NA      NA      NA      NA      NA
  soil_18 soil_19 soil_21 soil_22 soil_23 soil_24 soil_25 soil_26 soil_28
4      NA      NA      NA      NA      NA      NA      NA      NA      NA
  soil_29 soil_30 soil_31 soil_32 soil_33 soil_34 prec si
4      NA      NA      NA      NA      NA      NA   NA NA
[1] 8
     theta        age       B0       cwd
4 1.006198 0.02037431 4.614954 0.1519341
      theta         age       B0        cwd
4 0.8885662 0.002884693 24.12134 0.01988762
      theta         age       B0        cwd
4 0.9257176 0.002023545 35.50884 0.01450374
     theta        age       B0        cwd
4 1.311264 0.00979286 32.14413 0.05614322
    theta        age       B0      cwd mean_prec
1 1.22908 0.05539146 3.063567 0.272111 0.1033462
      theta        age      B0        cwd   mean_prec
1 0.8484368 0.00352177 14.4966 0.02039764 0.009113524
      theta         age       B0        cwd  mean_prec
1 0.9440065 0.009265991 11.16194 0.04411139 0.01762897
     theta        age       B0        cwd  mean_prec
1 1.275396 0.01565703 15.54368 0.06969253 0.03273659
     theta        age       B0       cwd mean_prec     mean_si
1 1.117454 0.05894108 2.553819 0.2817498 0.1088339 -0.01174194
      theta         age       B0        cwd   mean_prec      mean_si
1 0.8371486 0.004156332 15.80962 0.01796448 0.009010783 -0.003135824
[1] "R-squared: 0.0677416234935366"
[1] "R-squared: 0.0568111988561582"
      theta         age       B0        cwd mean_prec      mean_si
1 0.8158447 0.009809543 7.932735 0.04072674 0.0203604 -0.006128351
[1] "R-squared: 0.0872851146149648"
     theta        age       B0        cwd  mean_prec     mean_si
1 1.113767 0.02814309 7.515095 0.09305456 0.04252339 -0.01466098
[1] "R-squared: 0.12814720797004"
      theta         age       B0        cwd
4 0.8959357 0.001762128 33.72887 0.01320894
      theta       age       B0        cwd
4 0.8741453 0.0024802 25.73054 0.01740344
     theta        age       B0       cwd
4 1.051596 0.02772706 3.795941 0.2036314
     theta        age       B0        cwd
4 1.309065 0.01006178 30.65895 0.05770122
      theta         age       B0        cwd  mean_prec
1 0.9728378 0.007484693 8.903647 0.06026081 0.01733817
      theta       age       B0        cwd  mean_prec
1 0.9579802 0.0132329 9.993753 0.05266874 0.01605619
     theta        age       B0       cwd  mean_prec
1 1.145134 0.04277779 3.368802 0.2227501 0.08202439
      theta        age       B0        cwd  mean_prec      mean_si
1 0.8638752 0.01502011 5.527827 0.07179627 0.01979306 -0.007056168
[1] "R-squared: 0.0478044077714868"
      theta        age       B0        cwd  mean_prec      mean_si
1 0.8738572 0.01371853 6.974306 0.05804231 0.02627511 -0.005302491
[1] "R-squared: 0.0953259396705852"
     theta        age       B0        cwd mean_prec
1 1.321351 0.02200458 13.72306 0.08812297 0.0276736
     theta        age      B0       cwd  mean_prec     mean_si
1 1.033092 0.04429761 2.92965 0.2167408 0.08531427 -0.01634876
[1] "R-squared: 0.0686972525728927"
     theta        age       B0      cwd  mean_prec     mean_si
1 1.154218 0.02657343 7.778646 0.101968 0.03917907 -0.01229436
[1] "R-squared: 0.130615619103755"
      theta         age       B0        cwd
4 0.8871864 0.002488149 27.48943 0.01731551
      theta         age       B0        cwd
4 0.9581379 0.001800467 47.20956 0.01328352
     theta        age       B0       cwd
4 1.053944 0.03411178 3.108007 0.2516147
      theta         age       B0        cwd  mean_prec
1 0.9286706 0.007806785 12.63895 0.03762205 0.01291331
      theta         age       B0        cwd   mean_prec
1 0.8300877 0.003930418 14.60661 0.01831807 0.007830872
     theta        age       B0        cwd
4 1.226062 0.01219321 19.53339 0.06471861
     theta        age       B0       cwd mean_prec
1 1.171474 0.07376641 2.081789 0.3668638 0.1501954
      theta        age       B0        cwd  mean_prec      mean_si
1 0.8538559 0.01519717 6.433132 0.05836009 0.03259132 -0.009514858
[1] "R-squared: 0.0885834286211855"
     theta         age       B0       cwd  mean_prec     mean_si
1 0.764786 0.005395922 10.30157 0.0205998 0.01117416 -0.00486251
[1] "R-squared: 0.0517633870773909"
     theta        age       B0       cwd mean_prec       mean_si
1 1.235628 0.07572744 2.156887 0.3899298 0.1397671 -0.0008694331
     theta        age       B0        cwd mean_prec
1 1.260036 0.01579198 17.45803 0.06400967 0.0227232
[1] "R-squared: 0.0762659575207666"
      theta         age       B0        cwd
4 0.8846142 0.001497118 45.49435 0.01061979
      theta         age       B0       cwd
4 0.9669397 0.001876768 48.21696 0.0135936
     theta       age       B0        cwd  mean_prec     mean_si
1 1.402718 0.0249828 14.77785 0.09369925 0.03423581 0.001491565
[1] "R-squared: 0.139643708912723"
      theta        age       B0       cwd
4 0.9764941 0.01457147 5.631891 0.1153824
      theta         age     B0        cwd  mean_prec
1 0.8380886 0.006896576 11.944 0.02530253 0.01349386
     theta         age       B0        cwd   mean_prec
1 0.820349 0.004119904 13.07138 0.01990471 0.008772646
     theta       age       B0       cwd  mean_prec
1 1.088012 0.0264288 4.909803 0.1387723 0.05441372
      theta        age       B0        cwd  mean_prec     mean_si
1 0.9852195 0.01189174 9.399556 0.06256769 0.01746639 0.002275321
[1] "R-squared: 0.0817606992981663"
      theta         age       B0        cwd   mean_prec      mean_si
1 0.6986761 0.003720465 9.709597 0.01672323 0.006453326 -0.003329428
[1] "R-squared: 0.045388269927304"
     theta         age       B0        cwd
4 1.311661 0.009716624 32.25969 0.05612985
      theta        age       B0       cwd  mean_prec     mean_si
1 0.9624176 0.02688711 3.835184 0.1428904 0.05438305 -0.01219214
[1] "R-squared: 0.070243363295389"
     theta         age       B0        cwd
4 0.861189 0.002659887 22.46177 0.01894774
     theta        age       B0      cwd  mean_prec
1 1.394618 0.03421382 8.215143 0.143348 0.05706335
      theta         age     B0         cwd
4 0.7459196 0.001120034 23.698 0.007965021
      theta        age       B0       cwd
4 0.9997313 0.02105971 4.483128 0.1539295
     theta        age       B0        cwd  mean_prec
1 1.062297 0.01367522 14.56018 0.04589169 0.02088426
      theta        age       B0        cwd  mean_prec
1 0.9174222 0.00428217 18.50541 0.02323227 0.00492441
     theta        age      B0      cwd  mean_prec
1 1.116666 0.04007883 3.56449 0.201923 0.07125798
     theta        age       B0       cwd  mean_prec    mean_si
1 1.571309 0.03548384 9.399377 0.1713942 0.05034695 0.01168053
[1] "R-squared: 0.13420559249665"
     theta         age       B0        cwd  mean_prec      mean_si
1 0.913025 0.009026788 9.674847 0.04611192 0.02192621 -0.001722698
[1] "R-squared: 0.0841432604998876"
[1] "Time so far:  3.03287934064865  minutes"
  data_name data_pars model_type        rsq      rsq_sd basic_pars
1       5yr  meanclim      optim 0.08741969 0.005163341     age_B0
  mature_biomass         age k0 B0_exp       B0    theta        cwd  mean_prec
1             NA 0.009026788 NA     NA 9.674847 0.913025 0.04611192 0.02192621
       mean_si fallow indig lulc_sum_15 lulc_sum_20 lulc_sum_21 lulc_sum_35
1 -0.001722698     NA    NA          NA          NA          NA          NA
  lulc_sum_39 lulc_sum_40 lulc_sum_41 lulc_sum_46 lulc_sum_47 lulc_sum_48
1          NA          NA          NA          NA          NA          NA
  lulc_sum_9 mature_forest_years num_fires_after_regrowth
1         NA                  NA                       NA
  num_fires_before_regrowth protec sur_cover ts_fire_after_regrowth
1                        NA     NA        NA                     NA
  ts_fire_before_regrowth last_LU_9 last_LU_15 last_LU_20 last_LU_21 last_LU_35
1                      NA        NA         NA         NA         NA         NA
  last_LU_39 last_LU_40 last_LU_41 last_LU_46 last_LU_47 last_LU_48 ecoreg_439
1         NA         NA         NA         NA         NA         NA         NA
  ecoreg_440 ecoreg_441 ecoreg_442 ecoreg_443 ecoreg_445 ecoreg_465 ecoreg_467
1         NA         NA         NA         NA         NA         NA         NA
  ecoreg_473 ecoreg_474 ecoreg_476 ecoreg_480 ecoreg_481 ecoreg_482 ecoreg_485
1         NA         NA         NA         NA         NA         NA         NA
  ecoreg_491 ecoreg_492 ecoreg_496 ecoreg_497 ecoreg_500 ecoreg_505 ecoreg_507
1         NA         NA         NA         NA         NA         NA         NA
  ecoreg_508 ecoreg_511 ecoreg_518 ecoreg_524 ecoreg_525 ecoreg_529 ecoreg_540
1         NA         NA         NA         NA         NA         NA         NA
  ecoreg_566 ecoreg_567 ecoreg_570 ecoreg_574 ecoreg_584 ecoreg_611 ecoreg_616
1         NA         NA         NA         NA         NA         NA         NA
  soil_2 soil_3 soil_5 soil_6 soil_7 soil_8 soil_9 soil_10 soil_11 soil_12
1     NA     NA     NA     NA     NA     NA     NA      NA      NA      NA
  soil_13 soil_14 soil_15 soil_16 soil_17 soil_18 soil_19 soil_21 soil_22
1      NA      NA      NA      NA      NA      NA      NA      NA      NA
  soil_23 soil_24 soil_25 soil_26 soil_28 soil_29 soil_30 soil_31 soil_32
1      NA      NA      NA      NA      NA      NA      NA      NA      NA
  soil_33 soil_34 prec si
1      NA      NA   NA NA
[1] 9
      theta         age       B0       cwd   mean_prec      mean_si
1 0.8180455 0.004717679 13.51544 0.0225403 0.002449205 -0.002192272
[1] "R-squared: 0.0489036842029615"
[1] "Time so far:  3.05234883626302  minutes"
  data_name data_pars model_type        rsq      rsq_sd basic_pars
1      15yr  meanclim      optim 0.05013419 0.004378999     age_B0
  mature_biomass         age k0 B0_exp       B0     theta       cwd   mean_prec
1             NA 0.004717679 NA     NA 13.51544 0.8180455 0.0225403 0.002449205
       mean_si fallow indig lulc_sum_15 lulc_sum_20 lulc_sum_21 lulc_sum_35
1 -0.002192272     NA    NA          NA          NA          NA          NA
  lulc_sum_39 lulc_sum_40 lulc_sum_41 lulc_sum_46 lulc_sum_47 lulc_sum_48
1          NA          NA          NA          NA          NA          NA
  lulc_sum_9 mature_forest_years num_fires_after_regrowth
1         NA                  NA                       NA
  num_fires_before_regrowth protec sur_cover ts_fire_after_regrowth
1                        NA     NA        NA                     NA
  ts_fire_before_regrowth last_LU_9 last_LU_15 last_LU_20 last_LU_21 last_LU_35
1                      NA        NA         NA         NA         NA         NA
  last_LU_39 last_LU_40 last_LU_41 last_LU_46 last_LU_47 last_LU_48 ecoreg_439
1         NA         NA         NA         NA         NA         NA         NA
  ecoreg_440 ecoreg_441 ecoreg_442 ecoreg_443 ecoreg_445 ecoreg_465 ecoreg_467
1         NA         NA         NA         NA         NA         NA         NA
  ecoreg_473 ecoreg_474 ecoreg_476 ecoreg_480 ecoreg_481 ecoreg_482 ecoreg_485
1         NA         NA         NA         NA         NA         NA         NA
  ecoreg_491 ecoreg_492 ecoreg_496 ecoreg_497 ecoreg_500 ecoreg_505 ecoreg_507
1         NA         NA         NA         NA         NA         NA         NA
  ecoreg_508 ecoreg_511 ecoreg_518 ecoreg_524 ecoreg_525 ecoreg_529 ecoreg_540
1         NA         NA         NA         NA         NA         NA         NA
  ecoreg_566 ecoreg_567 ecoreg_570 ecoreg_574 ecoreg_584 ecoreg_611 ecoreg_616
1         NA         NA         NA         NA         NA         NA         NA
  soil_2 soil_3 soil_5 soil_6 soil_7 soil_8 soil_9 soil_10 soil_11 soil_12
1     NA     NA     NA     NA     NA     NA     NA      NA      NA      NA
  soil_13 soil_14 soil_15 soil_16 soil_17 soil_18 soil_19 soil_21 soil_22
1      NA      NA      NA      NA      NA      NA      NA      NA      NA
  soil_23 soil_24 soil_25 soil_26 soil_28 soil_29 soil_30 soil_31 soil_32
1      NA      NA      NA      NA      NA      NA      NA      NA      NA
  soil_33 soil_34 prec si
1      NA      NA   NA NA
[1] 11
     theta       age       B0       cwd mean_prec     mean_si
1 1.075633 0.0571735 2.418042 0.2837022 0.1155509 -0.02084361
[1] "R-squared: 0.066876251021395"
[1] "Time so far:  3.10975921154022  minutes"
  data_name data_pars model_type        rsq      rsq_sd basic_pars
1      10yr  meanclim      optim 0.06996489 0.003737329     age_B0
  mature_biomass       age k0 B0_exp       B0    theta       cwd mean_prec
1             NA 0.0571735 NA     NA 2.418042 1.075633 0.2837022 0.1155509
      mean_si fallow indig lulc_sum_15 lulc_sum_20 lulc_sum_21 lulc_sum_35
1 -0.02084361     NA    NA          NA          NA          NA          NA
  lulc_sum_39 lulc_sum_40 lulc_sum_41 lulc_sum_46 lulc_sum_47 lulc_sum_48
1          NA          NA          NA          NA          NA          NA
  lulc_sum_9 mature_forest_years num_fires_after_regrowth
1         NA                  NA                       NA
  num_fires_before_regrowth protec sur_cover ts_fire_after_regrowth
1                        NA     NA        NA                     NA
  ts_fire_before_regrowth last_LU_9 last_LU_15 last_LU_20 last_LU_21 last_LU_35
1                      NA        NA         NA         NA         NA         NA
  last_LU_39 last_LU_40 last_LU_41 last_LU_46 last_LU_47 last_LU_48 ecoreg_439
1         NA         NA         NA         NA         NA         NA         NA
  ecoreg_440 ecoreg_441 ecoreg_442 ecoreg_443 ecoreg_445 ecoreg_465 ecoreg_467
1         NA         NA         NA         NA         NA         NA         NA
  ecoreg_473 ecoreg_474 ecoreg_476 ecoreg_480 ecoreg_481 ecoreg_482 ecoreg_485
1         NA         NA         NA         NA         NA         NA         NA
  ecoreg_491 ecoreg_492 ecoreg_496 ecoreg_497 ecoreg_500 ecoreg_505 ecoreg_507
1         NA         NA         NA         NA         NA         NA         NA
  ecoreg_508 ecoreg_511 ecoreg_518 ecoreg_524 ecoreg_525 ecoreg_529 ecoreg_540
1         NA         NA         NA         NA         NA         NA         NA
  ecoreg_566 ecoreg_567 ecoreg_570 ecoreg_574 ecoreg_584 ecoreg_611 ecoreg_616
1         NA         NA         NA         NA         NA         NA         NA
  soil_2 soil_3 soil_5 soil_6 soil_7 soil_8 soil_9 soil_10 soil_11 soil_12
1     NA     NA     NA     NA     NA     NA     NA      NA      NA      NA
  soil_13 soil_14 soil_15 soil_16 soil_17 soil_18 soil_19 soil_21 soil_22
1      NA      NA      NA      NA      NA      NA      NA      NA      NA
  soil_23 soil_24 soil_25 soil_26 soil_28 soil_29 soil_30 soil_31 soil_32
1      NA      NA      NA      NA      NA      NA      NA      NA      NA
  soil_33 soil_34 prec si
1      NA      NA   NA NA
[1] 10
     theta        age       B0        cwd
4 1.308433 0.01005465 30.65583 0.05765802
     theta        age       B0        cwd  mean_prec
1 1.313343 0.01757783 13.92485 0.08775442 0.02759928
     theta        age       B0        cwd  mean_prec      mean_si
1 1.199301 0.02357247 9.503127 0.09412184 0.03350782 -0.007489748
[1] "R-squared: 0.133947971750925"
[1] "Time so far:  3.7735575000445  minutes"
  data_name data_pars model_type      rsq      rsq_sd basic_pars mature_biomass
1       all  meanclim      optim 0.133312 0.004337022     age_B0             NA
         age k0 B0_exp       B0    theta        cwd  mean_prec      mean_si
1 0.02357247 NA     NA 9.503127 1.199301 0.09412184 0.03350782 -0.007489748
  fallow indig lulc_sum_15 lulc_sum_20 lulc_sum_21 lulc_sum_35 lulc_sum_39
1     NA    NA          NA          NA          NA          NA          NA
  lulc_sum_40 lulc_sum_41 lulc_sum_46 lulc_sum_47 lulc_sum_48 lulc_sum_9
1          NA          NA          NA          NA          NA         NA
  mature_forest_years num_fires_after_regrowth num_fires_before_regrowth protec
1                  NA                       NA                        NA     NA
  sur_cover ts_fire_after_regrowth ts_fire_before_regrowth last_LU_9 last_LU_15
1        NA                     NA                      NA        NA         NA
  last_LU_20 last_LU_21 last_LU_35 last_LU_39 last_LU_40 last_LU_41 last_LU_46
1         NA         NA         NA         NA         NA         NA         NA
  last_LU_47 last_LU_48 ecoreg_439 ecoreg_440 ecoreg_441 ecoreg_442 ecoreg_443
1         NA         NA         NA         NA         NA         NA         NA
  ecoreg_445 ecoreg_465 ecoreg_467 ecoreg_473 ecoreg_474 ecoreg_476 ecoreg_480
1         NA         NA         NA         NA         NA         NA         NA
  ecoreg_481 ecoreg_482 ecoreg_485 ecoreg_491 ecoreg_492 ecoreg_496 ecoreg_497
1         NA         NA         NA         NA         NA         NA         NA
  ecoreg_500 ecoreg_505 ecoreg_507 ecoreg_508 ecoreg_511 ecoreg_518 ecoreg_524
1         NA         NA         NA         NA         NA         NA         NA
  ecoreg_525 ecoreg_529 ecoreg_540 ecoreg_566 ecoreg_567 ecoreg_570 ecoreg_574
1         NA         NA         NA         NA         NA         NA         NA
  ecoreg_584 ecoreg_611 ecoreg_616 soil_2 soil_3 soil_5 soil_6 soil_7 soil_8
1         NA         NA         NA     NA     NA     NA     NA     NA     NA
  soil_9 soil_10 soil_11 soil_12 soil_13 soil_14 soil_15 soil_16 soil_17
1     NA      NA      NA      NA      NA      NA      NA      NA      NA
  soil_18 soil_19 soil_21 soil_22 soil_23 soil_24 soil_25 soil_26 soil_28
1      NA      NA      NA      NA      NA      NA      NA      NA      NA
  soil_29 soil_30 soil_31 soil_32 soil_33 soil_34 prec si
1      NA      NA      NA      NA      NA      NA   NA NA
[1] 12
      theta         age       B0       cwd
4 0.8965426 0.001534792 45.60676 0.0113427
